<?xml version="1.0" encoding="UTF-8"?>
<!-- Generated by org.testng.reporters.JUnitXMLReporter -->
<testsuite ignored="0" hostname="LAPTOP-77ALH21T" failures="0" tests="4" name="Default test" time="42.839" errors="0" timestamp="2025-09-15T23:04:13 IST">
  <testcase classname="testngextra.SauceDemo" name="sauceDemoLogin" time="10.806"/>
  <testcase classname="testngextra.SauceDemo" name="sauceDemoLogin" time="8.801"/>
  <testcase classname="testngextra.SauceDemo" name="sauceDemoLogin" time="9.769"/>
  <testcase classname="testngextra.SauceDemo" name="sauceDemoLogin" time="13.374"/>
</testsuite> <!-- Default test -->
