<?xml version="1.0" encoding="UTF-8"?>
<!-- Generated by org.testng.reporters.JUnitXMLReporter -->
<testsuite ignored="3" hostname="LAPTOP-77ALH21T" failures="0" tests="3" name="Test" time="0.073" errors="0" timestamp="2025-09-16T01:14:59 IST">
  <testcase classname="typesOfExecution.Demo5Test" name="case7" time="0.01"/>
  <testcase classname="typesOfExecution.Demo5Test" name="case8" time="0.002"/>
  <testcase classname="typesOfExecution.Demo4Test" name="case5" time="0.002"/>
  <testcase classname="typesOfExecution.Demo4Test" name="case6" time="0.0">
    <ignored/>
  </testcase> <!-- case6 -->
  <testcase classname="typesOfExecution.Demo4Test" name="case4" time="0.0">
    <ignored/>
  </testcase> <!-- case4 -->
  <testcase classname="typesOfExecution.Demo5Test" name="case9" time="0.0">
    <ignored/>
  </testcase> <!-- case9 -->
</testsuite> <!-- Test -->
