<?xml version="1.0" encoding="UTF-8"?>
<!-- Generated by org.testng.reporters.JUnitXMLReporter -->
<testsuite ignored="0" hostname="LAPTOP-77ALH21T" failures="1" tests="1" name="Test2" time="1.201" errors="0" timestamp="2025-09-17T00:17:43 IST">
  <testcase classname="typesOfExecution.DemoCrossBro2Test" name="case1" time="1.096">
    <failure type="org.openqa.selenium.remote.NoSuchDriverException" message="Unable to obtain: msedgedriver, error Command failed with code: 65, executed: [--browser, MicrosoftEdge, --language-binding, java, --output, json]
error sending request for url (https://msedgedriver.azureedge.net/LATEST_RELEASE_140_WINDOWS)
Build info: version: &amp;apos;4.34.0&amp;apos;, revision: &amp;apos;707dcb4246*&amp;apos;
System info: os.name: &amp;apos;Windows 11&amp;apos;, os.arch: &amp;apos;amd64&amp;apos;, os.version: &amp;apos;10.0&amp;apos;, java.version: &amp;apos;17.0.8.1&amp;apos;
Driver info: driver.version: EdgeDriver">
      <![CDATA[org.openqa.selenium.remote.NoSuchDriverException: Unable to obtain: msedgedriver, error Command failed with code: 65, executed: [--browser, MicrosoftEdge, --language-binding, java, --output, json]
error sending request for url (https://msedgedriver.azureedge.net/LATEST_RELEASE_140_WINDOWS)
Build info: version: '4.34.0', revision: '707dcb4246*'
System info: os.name: 'Windows 11', os.arch: 'amd64', os.version: '10.0', java.version: '17.0.8.1'
Driver info: driver.version: EdgeDriver
at org.openqa.selenium.remote.service.DriverFinder.getBinaryPaths(DriverFinder.java:124)
at org.openqa.selenium.remote.service.DriverFinder.getDriverPath(DriverFinder.java:55)
at org.openqa.selenium.edge.EdgeDriver.generateExecutor(EdgeDriver.java:71)
at org.openqa.selenium.edge.EdgeDriver.<init>(EdgeDriver.java:60)
at org.openqa.selenium.edge.EdgeDriver.<init>(EdgeDriver.java:56)
at org.openqa.selenium.edge.EdgeDriver.<init>(EdgeDriver.java:48)
at org.openqa.selenium.edge.EdgeDriver.<init>(EdgeDriver.java:44)
at typesOfExecution.DemoCrossBro2Test.case1(DemoCrossBro2Test.java:19)
at java.base/java.util.ArrayList.forEach(ArrayList.java:1511)
at java.base/java.util.concurrent.FutureTask.run(FutureTask.java:264)
at java.base/java.util.concurrent.ThreadPoolExecutor.runWorker(ThreadPoolExecutor.java:1136)
at java.base/java.util.concurrent.ThreadPoolExecutor$Worker.run(ThreadPoolExecutor.java:635)
at java.base/java.lang.Thread.run(Thread.java:833)
Caused by: org.openqa.selenium.WebDriverException: Command failed with code: 65, executed: [--browser, MicrosoftEdge, --language-binding, java, --output, json]
error sending request for url (https://msedgedriver.azureedge.net/LATEST_RELEASE_140_WINDOWS)
Build info: version: '4.34.0', revision: '707dcb4246*'
System info: os.name: 'Windows 11', os.arch: 'amd64', os.version: '10.0', java.version: '17.0.8.1'
Driver info: driver.version: EdgeDriver
at org.openqa.selenium.manager.SeleniumManager.runCommand(SeleniumManager.java:173)
at org.openqa.selenium.manager.SeleniumManager.getBinaryPaths(SeleniumManager.java:254)
at org.openqa.selenium.remote.service.DriverFinder.getBinaryPaths(DriverFinder.java:104)
... 29 more
... Removed 17 stack frames]]>
    </failure>
  </testcase> <!-- case1 -->
</testsuite> <!-- Test2 -->
