<?xml version="1.0" encoding="UTF-8"?>
<!-- Generated by org.testng.reporters.JUnitXMLReporter -->
<testsuite ignored="3" hostname="LAPTOP-77ALH21T" failures="0" tests="3" name="Test" time="0.08" errors="0" timestamp="2025-09-16T18:54:30 IST">
  <testcase classname="typesOfExecution.Demo5Test" name="case9" time="0.009"/>
  <testcase classname="typesOfExecution.Demo4Test" name="case4" time="0.001"/>
  <testcase classname="typesOfExecution.Demo4Test" name="case6" time="0.002"/>
  <testcase classname="typesOfExecution.Demo5Test" name="case7" time="0.0">
    <ignored/>
  </testcase> <!-- case7 -->
  <testcase classname="typesOfExecution.Demo4Test" name="case5" time="0.0">
    <ignored/>
  </testcase> <!-- case5 -->
  <testcase classname="typesOfExecution.Demo5Test" name="case8" time="0.0">
    <ignored/>
  </testcase> <!-- case8 -->
</testsuite> <!-- Test -->
