<?xml version="1.0" encoding="UTF-8"?>
<testng-results ignored="0" total="3" passed="3" failed="0" skipped="0">
  <reporter-output>
    <line>
      <![CDATA[This is case 1]]>
    </line>
  </reporter-output>
  <suite started-at="2025-09-10T22:58:36 IST" name="Default suite" finished-at="2025-09-10T22:58:36 IST" duration-ms="57">
    <groups>
    </groups>
    <test started-at="2025-09-10T22:58:36 IST" name="Default test" finished-at="2025-09-10T22:58:36 IST" duration-ms="57">
      <class name="testngextra.Demo1">
        <test-method signature="case1()[pri:0, instance:testngextra.Demo1@13e344d]" started-at="2025-09-10T22:58:36 IST" name="case1" finished-at="2025-09-10T22:58:36 IST" duration-ms="7" status="PASS">
          <reporter-output>
            <line>
              <![CDATA[This is case 1]]>
            </line>
          </reporter-output>
        </test-method> <!-- case1 -->
        <test-method signature="case2()[pri:0, instance:testngextra.Demo1@13e344d]" started-at="2025-09-10T22:58:36 IST" name="case2" finished-at="2025-09-10T22:58:36 IST" duration-ms="2" status="PASS">
          <reporter-output>
          </reporter-output>
        </test-method> <!-- case2 -->
        <test-method signature="case3()[pri:0, instance:testngextra.Demo1@13e344d]" started-at="2025-09-10T22:58:36 IST" name="case3" finished-at="2025-09-10T22:58:36 IST" duration-ms="1" status="PASS">
          <reporter-output>
          </reporter-output>
        </test-method> <!-- case3 -->
      </class> <!-- testngextra.Demo1 -->
    </test> <!-- Default test -->
  </suite> <!-- Default suite -->
</testng-results>
