<?xml version="1.0" encoding="UTF-8"?>
<testng-results ignored="0" total="4" passed="4" failed="0" skipped="0">
  <reporter-output>
  </reporter-output>
  <suite started-at="2025-09-15T23:03:30 IST" name="Default suite" finished-at="2025-09-15T23:04:13 IST" duration-ms="42839">
    <groups>
    </groups>
    <test started-at="2025-09-15T23:03:30 IST" name="Default test" finished-at="2025-09-15T23:04:13 IST" duration-ms="42839">
      <class name="testngextra.SauceDemo">
        <test-method signature="sauceDemoLogin(java.lang.String,java.lang.String)[pri:0, instance:testngextra.SauceDemo@6d4d66d2]" started-at="2025-09-15T23:03:30 IST" name="sauceDemoLogin" data-provider="getData" finished-at="2025-09-15T23:03:41 IST" duration-ms="10806" status="PASS">
          <params>
            <param index="0">
              <value>
                <![CDATA[standard_user]]>
              </value>
            </param>
            <param index="1">
              <value>
                <![CDATA[secret_sauce]]>
              </value>
            </param>
          </params>
          <reporter-output>
          </reporter-output>
        </test-method> <!-- sauceDemoLogin -->
        <test-method signature="sauceDemoLogin(java.lang.String,java.lang.String)[pri:0, instance:testngextra.SauceDemo@6d4d66d2]" started-at="2025-09-15T23:03:41 IST" name="sauceDemoLogin" data-provider="getData" finished-at="2025-09-15T23:03:50 IST" duration-ms="8801" status="PASS">
          <params>
            <param index="0">
              <value>
                <![CDATA[locked_out_user]]>
              </value>
            </param>
            <param index="1">
              <value>
                <![CDATA[secret_sauce]]>
              </value>
            </param>
          </params>
          <reporter-output>
          </reporter-output>
        </test-method> <!-- sauceDemoLogin -->
        <test-method signature="sauceDemoLogin(java.lang.String,java.lang.String)[pri:0, instance:testngextra.SauceDemo@6d4d66d2]" started-at="2025-09-15T23:03:50 IST" name="sauceDemoLogin" data-provider="getData" finished-at="2025-09-15T23:04:00 IST" duration-ms="9769" status="PASS">
          <params>
            <param index="0">
              <value>
                <![CDATA[problem_user]]>
              </value>
            </param>
            <param index="1">
              <value>
                <![CDATA[secret_sauce]]>
              </value>
            </param>
          </params>
          <reporter-output>
          </reporter-output>
        </test-method> <!-- sauceDemoLogin -->
        <test-method signature="sauceDemoLogin(java.lang.String,java.lang.String)[pri:0, instance:testngextra.SauceDemo@6d4d66d2]" started-at="2025-09-15T23:04:00 IST" name="sauceDemoLogin" data-provider="getData" finished-at="2025-09-15T23:04:13 IST" duration-ms="13374" status="PASS">
          <params>
            <param index="0">
              <value>
                <![CDATA[performance_glitch_user]]>
              </value>
            </param>
            <param index="1">
              <value>
                <![CDATA[secret_sauce]]>
              </value>
            </param>
          </params>
          <reporter-output>
          </reporter-output>
        </test-method> <!-- sauceDemoLogin -->
      </class> <!-- testngextra.SauceDemo -->
    </test> <!-- Default test -->
  </suite> <!-- Default suite -->
</testng-results>
